<?xml version="1.0" encoding="UTF-8"?>
<!-- Generated by org.testng.reporters.JUnitReportReporter -->
<testsuite hostname="viveks-MacBook-Air.local" failures="0" tests="1" name="webApp.runner.ApplicationRunner" time="39.488" errors="0" timestamp="2024-09-29T14:06:06 IST" skipped="0">
  <testcase classname="webApp.runner.ApplicationRunner" name="runScenario" time="39.488"/>
  <system-out/>
</testsuite> <!-- webApp.runner.ApplicationRunner -->
